c:\users\administrator\desktop\design-patterns\design-patterns\decorator pattern\debug\vc120.pdb
c:\users\administrator\desktop\design-patterns\design-patterns\decorator pattern\debug\vc120.idb
c:\users\administrator\desktop\design-patterns\design-patterns\decorator pattern\debug\beverage.obj
c:\users\administrator\desktop\design-patterns\design-patterns\decorator pattern\debug\main.obj
c:\users\administrator\desktop\design-patterns\design-patterns\decorator pattern\debug\espresso.obj
c:\users\administrator\desktop\design-patterns\design-patterns\decorator pattern\debug\houseblend.obj
c:\users\administrator\desktop\design-patterns\design-patterns\decorator pattern\debug\darkroast.obj
c:\users\administrator\desktop\design-patterns\design-patterns\decorator pattern\debug\decaf.obj
c:\users\administrator\desktop\design-patterns\design-patterns\decorator pattern\debug\condimentdecorator.obj
c:\users\administrator\desktop\design-patterns\design-patterns\decorator pattern\debug\mocha.obj
c:\users\administrator\desktop\design-patterns\design-patterns\decorator pattern\debug\milk.obj
c:\users\administrator\desktop\design-patterns\design-patterns\decorator pattern\debug\soy.obj
c:\users\administrator\desktop\design-patterns\design-patterns\decorator pattern\debug\whip.obj
c:\users\administrator\desktop\design-patterns\design-patterns\debug\decorator pattern.ilk
c:\users\administrator\desktop\design-patterns\design-patterns\debug\decorator pattern.exe
c:\users\administrator\desktop\design-patterns\design-patterns\debug\decorator pattern.pdb
c:\users\administrator\desktop\design-patterns\design-patterns\decorator pattern\debug\decorato.740d675e.tlog\cl.command.1.tlog
c:\users\administrator\desktop\design-patterns\design-patterns\decorator pattern\debug\decorato.740d675e.tlog\cl.read.1.tlog
c:\users\administrator\desktop\design-patterns\design-patterns\decorator pattern\debug\decorato.740d675e.tlog\cl.write.1.tlog
c:\users\administrator\desktop\design-patterns\design-patterns\decorator pattern\debug\decorato.740d675e.tlog\link.command.1.tlog
c:\users\administrator\desktop\design-patterns\design-patterns\decorator pattern\debug\decorato.740d675e.tlog\link.read.1.tlog
c:\users\administrator\desktop\design-patterns\design-patterns\decorator pattern\debug\decorato.740d675e.tlog\link.write.1.tlog
