c:\users\administrator\desktop\design-patterns\design-patterns\strategy pattern\debug\vc120.pdb
c:\users\administrator\desktop\design-patterns\design-patterns\strategy pattern\debug\vc120.idb
c:\users\administrator\desktop\design-patterns\design-patterns\strategy pattern\debug\mallardduck.obj
c:\users\administrator\desktop\design-patterns\design-patterns\strategy pattern\debug\redheadduck.obj
c:\users\administrator\desktop\design-patterns\design-patterns\strategy pattern\debug\duck.obj
c:\users\administrator\desktop\design-patterns\design-patterns\strategy pattern\debug\main.obj
c:\users\administrator\desktop\design-patterns\design-patterns\strategy pattern\debug\flybehavior.obj
c:\users\administrator\desktop\design-patterns\design-patterns\strategy pattern\debug\flynoway.obj
c:\users\administrator\desktop\design-patterns\design-patterns\strategy pattern\debug\quack.obj
c:\users\administrator\desktop\design-patterns\design-patterns\strategy pattern\debug\quackbehavior.obj
c:\users\administrator\desktop\design-patterns\design-patterns\strategy pattern\debug\flywithwings.obj
c:\users\administrator\desktop\design-patterns\design-patterns\strategy pattern\debug\mutequack.obj
c:\users\administrator\desktop\design-patterns\design-patterns\debug\strategy pattern.ilk
c:\users\administrator\desktop\design-patterns\design-patterns\debug\strategy pattern.exe
c:\users\administrator\desktop\design-patterns\design-patterns\debug\strategy pattern.pdb
c:\users\administrator\desktop\design-patterns\design-patterns\strategy pattern\debug\strategy pattern.tlog\cl.command.1.tlog
c:\users\administrator\desktop\design-patterns\design-patterns\strategy pattern\debug\strategy pattern.tlog\cl.read.1.tlog
c:\users\administrator\desktop\design-patterns\design-patterns\strategy pattern\debug\strategy pattern.tlog\cl.write.1.tlog
c:\users\administrator\desktop\design-patterns\design-patterns\strategy pattern\debug\strategy pattern.tlog\link.command.1.tlog
c:\users\administrator\desktop\design-patterns\design-patterns\strategy pattern\debug\strategy pattern.tlog\link.read.1.tlog
c:\users\administrator\desktop\design-patterns\design-patterns\strategy pattern\debug\strategy pattern.tlog\link.write.1.tlog
