빌드 시작: 2015-09-11 오후 2:06:51
     1>2 노드의 "C:\Users\Administrator\Desktop\Design-Patterns\Design-Patterns\Strategy Pattern\Strategy Pattern.vcxproj" 프로젝트(Build 대상)입니다.
     1>ClCompile:
         D:\Program Files\Microsoft Visual Studio 12.0\VC\bin\CL.exe /c /ZI /nologo /W3 /WX- /sdl /Od /Oy- /D WIN32 /D _DEBUG /D _CONSOLE /D _LIB /D _UNICODE /D UNICODE /Gm /EHsc /RTC1 /MDd /GS /fp:precise /Zc:wchar_t /Zc:forScope /Fo"Debug\\" /Fd"Debug\vc120.pdb" /Gd /TP /analyze- /errorReport:prompt Duck.cpp
         Duck.cpp
       Link:
         D:\Program Files\Microsoft Visual Studio 12.0\VC\bin\link.exe /ERRORREPORT:PROMPT /OUT:"C:\Users\Administrator\Desktop\Design-Patterns\Design-Patterns\Debug\Strategy Pattern.exe" /INCREMENTAL /NOLOGO kernel32.lib user32.lib gdi32.lib winspool.lib comdlg32.lib advapi32.lib shell32.lib ole32.lib oleaut32.lib uuid.lib odbc32.lib odbccp32.lib /MANIFEST /MANIFESTUAC:"level='asInvoker' uiAccess='false'" /manifest:embed /DEBUG /PDB:"C:\Users\Administrator\Desktop\Design-Patterns\Design-Patterns\Debug\Strategy Pattern.pdb" /SUBSYSTEM:CONSOLE /TLBID:1 /DYNAMICBASE /NXCOMPAT /IMPLIB:"C:\Users\Administrator\Desktop\Design-Patterns\Design-Patterns\Debug\Strategy Pattern.lib" /MACHINE:X86 Debug\Duck.obj
         Debug\FlyBehavior.obj
         Debug\FlyNoWay.obj
         Debug\FlyWithWings.obj
         Debug\main.obj
         Debug\MallardDuck.obj
         Debug\MuteQuack.obj
         Debug\Quack.obj
         Debug\QuackBehavior.obj
         Debug\RedheadDuck.obj
         Strategy Pattern.vcxproj -> C:\Users\Administrator\Desktop\Design-Patterns\Design-Patterns\Debug\Strategy Pattern.exe
     1>"C:\Users\Administrator\Desktop\Design-Patterns\Design-Patterns\Strategy Pattern\Strategy Pattern.vcxproj" 프로젝트를 빌드했습니다(Build 대상).

빌드했습니다.

경과 시간: 00:00:00.96
